{
  message: 'Database Connected',
  level: 'info',
  service: 'user-service',
  label: 'right info!',
  timestamp: '2023-08-01T19:14:56.738Z'
}
{
  message: 'Example app listening on port 5000',
  level: 'info',
  service: 'user-service',
  label: 'right info!',
  timestamp: '2023-08-01T19:14:56.785Z'
}
{
  message: 'Database Connected',
  level: 'info',
  service: 'user-service',
  label: 'right info!',
  timestamp: '2023-08-01T19:21:37.088Z'
}
{
  message: 'Example app listening on port 5000',
  level: 'info',
  service: 'user-service',
  label: 'right info!',
  timestamp: '2023-08-01T19:21:37.118Z'
}
{
  message: 'Database Connected',
  level: 'info',
  service: 'user-service',
  label: 'right info!',
  timestamp: '2023-08-01T19:22:30.129Z'
}
{
  message: 'Example app listening on port 5000',
  level: 'info',
  service: 'user-service',
  label: 'right info!',
  timestamp: '2023-08-01T19:22:30.147Z'
}
{
  message: 'Database Connected',
  level: 'info',
  service: 'user-service',
  label: 'right info!',
  timestamp: '2023-08-02T12:06:40.122Z'
}
{
  message: 'Example app listening on port 5000',
  level: 'info',
  service: 'user-service',
  label: 'right info!',
  timestamp: '2023-08-02T12:06:40.137Z'
}
{
  message: 'Database Connected',
  level: 'info',
  service: 'user-service',
  label: 'right info!',
  timestamp: '2023-08-02T12:10:19.256Z'
}
{
  message: 'Example app listening on port 5000',
  level: 'info',
  service: 'user-service',
  label: 'right info!',
  timestamp: '2023-08-02T12:10:19.275Z'
}
{
  message: 'Database Connected',
  level: 'info',
  service: 'user-service',
  label: 'right info!',
  timestamp: '2023-08-02T12:14:36.070Z'
}
{
  message: 'Example app listening on port 5000',
  level: 'info',
  service: 'user-service',
  label: 'right info!',
  timestamp: '2023-08-02T12:14:36.103Z'
}
{
  message: 'Database Connected',
  level: 'info',
  service: 'user-service',
  label: 'right info!',
  timestamp: '2023-08-02T12:16:20.909Z'
}
{
  message: 'Example app listening on port 5000',
  level: 'info',
  service: 'user-service',
  label: 'right info!',
  timestamp: '2023-08-02T12:16:20.933Z'
}
{
  message: 'Database Connected',
  level: 'info',
  service: 'user-service',
  label: 'right info!',
  timestamp: '2023-08-02T12:22:57.070Z'
}
{
  message: 'Example app listening on port 5000',
  level: 'info',
  service: 'user-service',
  label: 'right info!',
  timestamp: '2023-08-02T12:22:57.110Z'
}
{
  message: 'Database Connected',
  level: 'info',
  service: 'user-service',
  label: 'right info!',
  timestamp: '2023-08-02T12:24:44.941Z'
}
{
  message: 'Example app listening on port 5000',
  level: 'info',
  service: 'user-service',
  label: 'right info!',
  timestamp: '2023-08-02T12:24:44.965Z'
}
{
  message: 'Database Connected',
  level: 'info',
  service: 'user-service',
  label: 'right info!',
  timestamp: '2023-08-02T12:26:39.793Z'
}
{
  message: 'Example app listening on port 5000',
  level: 'info',
  service: 'user-service',
  label: 'right info!',
  timestamp: '2023-08-02T12:26:39.807Z'
}
{
  message: 'Database Connected',
  level: 'info',
  service: 'user-service',
  label: 'right info!',
  timestamp: '2023-08-02T12:26:57.053Z'
}
{
  message: 'Example app listening on port 5000',
  level: 'info',
  service: 'user-service',
  label: 'right info!',
  timestamp: '2023-08-02T12:26:57.078Z'
}
{
  message: 'Database Connected',
  level: 'info',
  service: 'user-service',
  label: 'right info!',
  timestamp: '2023-08-02T12:28:21.462Z'
}
{
  message: 'Example app listening on port 5000',
  level: 'info',
  service: 'user-service',
  label: 'right info!',
  timestamp: '2023-08-02T12:28:21.498Z'
}
{
  message: 'Database Connected',
  level: 'info',
  service: 'user-service',
  label: 'right info!',
  timestamp: '2023-08-02T12:35:15.252Z'
}
{
  message: 'Example app listening on port 5000',
  level: 'info',
  service: 'user-service',
  label: 'right info!',
  timestamp: '2023-08-02T12:35:15.264Z'
}
{
  message: 'Database Connected',
  level: 'info',
  service: 'user-service',
  label: 'right info!',
  timestamp: '2023-08-02T12:35:43.792Z'
}
{
  message: 'Example app listening on port 5000',
  level: 'info',
  service: 'user-service',
  label: 'right info!',
  timestamp: '2023-08-02T12:35:43.824Z'
}
{
  message: 'Database Connected',
  level: 'info',
  service: 'user-service',
  label: 'right info!',
  timestamp: '2023-08-02T12:49:15.445Z'
}
{
  message: 'Example app listening on port 5000',
  level: 'info',
  service: 'user-service',
  label: 'right info!',
  timestamp: '2023-08-02T12:49:15.477Z'
}
{
  message: 'Database Connected',
  level: 'info',
  service: 'user-service',
  label: 'right info!',
  timestamp: '2023-08-02T12:54:16.954Z'
}
{
  message: 'Example app listening on port 5000',
  level: 'info',
  service: 'user-service',
  label: 'right info!',
  timestamp: '2023-08-02T12:54:16.972Z'
}
{
  message: 'Database Connected',
  level: 'info',
  service: 'user-service',
  label: 'right info!',
  timestamp: '2023-08-02T12:55:20.367Z'
}
{
  message: 'Example app listening on port 5000',
  level: 'info',
  service: 'user-service',
  label: 'right info!',
  timestamp: '2023-08-02T12:55:20.379Z'
}
{
  message: 'Database Connected',
  level: 'info',
  service: 'user-service',
  label: 'right info!',
  timestamp: '2023-08-02T12:55:31.962Z'
}
{
  message: 'Example app listening on port 5000',
  level: 'info',
  service: 'user-service',
  label: 'right info!',
  timestamp: '2023-08-02T12:55:31.997Z'
}
{
  message: 'Database Connected',
  level: 'info',
  service: 'user-service',
  label: 'right info!',
  timestamp: '2023-08-02T12:58:42.713Z'
}
{
  message: 'Example app listening on port 5000',
  level: 'info',
  service: 'user-service',
  label: 'right info!',
  timestamp: '2023-08-02T12:58:42.735Z'
}
{
  message: 'Database Connected',
  level: 'info',
  service: 'user-service',
  label: 'right info!',
  timestamp: '2023-08-02T13:10:28.705Z'
}
{
  message: 'Example app listening on port 5000',
  level: 'info',
  service: 'user-service',
  label: 'right info!',
  timestamp: '2023-08-02T13:10:28.726Z'
}
{
  message: 'Database Connected',
  level: 'info',
  service: 'user-service',
  label: 'right info!',
  timestamp: '2023-08-02T13:10:53.197Z'
}
{
  message: 'Example app listening on port 5000',
  level: 'info',
  service: 'user-service',
  label: 'right info!',
  timestamp: '2023-08-02T13:10:53.214Z'
}
{
  message: 'Database Connected',
  level: 'info',
  service: 'user-service',
  label: 'right info!',
  timestamp: '2023-08-02T13:12:09.086Z'
}
{
  message: 'Example app listening on port 5000',
  level: 'info',
  service: 'user-service',
  label: 'right info!',
  timestamp: '2023-08-02T13:12:09.101Z'
}
{
  message: 'Database Connected',
  level: 'info',
  service: 'user-service',
  label: 'right info!',
  timestamp: '2023-08-02T13:27:20.606Z'
}
{
  message: 'Example app listening on port 5000',
  level: 'info',
  service: 'user-service',
  label: 'right info!',
  timestamp: '2023-08-02T13:27:20.630Z'
}
{
  message: 'Database Connected',
  level: 'info',
  service: 'user-service',
  label: 'right info!',
  timestamp: '2023-08-02T13:34:30.374Z'
}
{
  message: 'Example app listening on port 5000',
  level: 'info',
  service: 'user-service',
  label: 'right info!',
  timestamp: '2023-08-02T13:34:30.403Z'
}
{
  message: 'Database Connected',
  level: 'info',
  service: 'user-service',
  label: 'right info!',
  timestamp: '2023-08-02T13:42:36.077Z'
}
{
  message: 'Example app listening on port 5000',
  level: 'info',
  service: 'user-service',
  label: 'right info!',
  timestamp: '2023-08-02T13:42:36.109Z'
}
{
  message: 'Database Connected',
  level: 'info',
  service: 'user-service',
  label: 'right info!',
  timestamp: '2023-08-02T13:43:59.200Z'
}
{
  message: 'Example app listening on port 5000',
  level: 'info',
  service: 'user-service',
  label: 'right info!',
  timestamp: '2023-08-02T13:43:59.220Z'
}
{
  message: 'Database Connected',
  level: 'info',
  service: 'user-service',
  label: 'right info!',
  timestamp: '2023-08-02T13:45:32.198Z'
}
{
  message: 'Example app listening on port 5000',
  level: 'info',
  service: 'user-service',
  label: 'right info!',
  timestamp: '2023-08-02T13:45:32.214Z'
}
{
  message: 'Database Connected',
  level: 'info',
  service: 'user-service',
  label: 'right info!',
  timestamp: '2023-08-02T13:46:33.684Z'
}
{
  message: 'Example app listening on port 5000',
  level: 'info',
  service: 'user-service',
  label: 'right info!',
  timestamp: '2023-08-02T13:46:33.700Z'
}
{
  message: 'Database Connected',
  level: 'info',
  service: 'user-service',
  label: 'right info!',
  timestamp: '2023-08-02T13:47:53.931Z'
}
{
  message: 'Example app listening on port 5000',
  level: 'info',
  service: 'user-service',
  label: 'right info!',
  timestamp: '2023-08-02T13:47:53.948Z'
}
{
  message: 'Database Connected',
  level: 'info',
  service: 'user-service',
  label: 'right info!',
  timestamp: '2023-08-02T13:48:00.636Z'
}
{
  message: 'Example app listening on port 5000',
  level: 'info',
  service: 'user-service',
  label: 'right info!',
  timestamp: '2023-08-02T13:48:00.652Z'
}
{
  message: 'Database Connected',
  level: 'info',
  service: 'user-service',
  label: 'right info!',
  timestamp: '2023-08-02T13:48:52.731Z'
}
{
  message: 'Example app listening on port 5000',
  level: 'info',
  service: 'user-service',
  label: 'right info!',
  timestamp: '2023-08-02T13:48:52.753Z'
}
{
  message: 'Database Connected',
  level: 'info',
  service: 'user-service',
  label: 'right info!',
  timestamp: '2023-08-02T13:57:23.641Z'
}
{
  message: 'Example app listening on port 5000',
  level: 'info',
  service: 'user-service',
  label: 'right info!',
  timestamp: '2023-08-02T13:57:23.670Z'
}
{
  message: 'Database Connected',
  level: 'info',
  service: 'user-service',
  label: 'right info!',
  timestamp: '2023-08-02T14:56:05.857Z'
}
{
  message: 'Example app listening on port 5000',
  level: 'info',
  service: 'user-service',
  label: 'right info!',
  timestamp: '2023-08-02T14:56:05.888Z'
}
{
  message: 'Database Connected',
  level: 'info',
  service: 'user-service',
  label: 'right info!',
  timestamp: '2023-08-02T16:32:18.548Z'
}
{
  message: 'Example app listening on port 5000',
  level: 'info',
  service: 'user-service',
  label: 'right info!',
  timestamp: '2023-08-02T16:32:18.567Z'
}
{
  message: 'Database Connected',
  level: 'info',
  service: 'user-service',
  label: 'right info!',
  timestamp: '2023-08-02T16:39:13.188Z'
}
{
  message: 'Example app listening on port 5000',
  level: 'info',
  service: 'user-service',
  label: 'right info!',
  timestamp: '2023-08-02T16:39:13.239Z'
}
{
  message: 'Database Connected',
  level: 'info',
  service: 'user-service',
  label: 'right info!',
  timestamp: '2023-08-02T16:44:27.354Z'
}
{
  message: 'Example app listening on port 5000',
  level: 'info',
  service: 'user-service',
  label: 'right info!',
  timestamp: '2023-08-02T16:44:27.379Z'
}
{
  message: 'Database Connected',
  level: 'info',
  service: 'user-service',
  label: 'right info!',
  timestamp: '2023-08-02T16:48:50.403Z'
}
{
  message: 'Example app listening on port 5000',
  level: 'info',
  service: 'user-service',
  label: 'right info!',
  timestamp: '2023-08-02T16:48:50.414Z'
}
{
  message: 'Database Connected',
  level: 'info',
  service: 'user-service',
  label: 'right info!',
  timestamp: '2023-08-02T16:52:47.114Z'
}
{
  message: 'Example app listening on port 5000',
  level: 'info',
  service: 'user-service',
  label: 'right info!',
  timestamp: '2023-08-02T16:52:47.135Z'
}
{
  message: 'Database Connected',
  level: 'info',
  service: 'user-service',
  label: 'right info!',
  timestamp: '2023-08-02T16:55:35.739Z'
}
{
  message: 'Example app listening on port 5000',
  level: 'info',
  service: 'user-service',
  label: 'right info!',
  timestamp: '2023-08-02T16:55:35.763Z'
}
{
  message: 'Database Connected',
  level: 'info',
  service: 'user-service',
  label: 'right info!',
  timestamp: '2023-08-02T16:56:55.646Z'
}
{
  message: 'Example app listening on port 5000',
  level: 'info',
  service: 'user-service',
  label: 'right info!',
  timestamp: '2023-08-02T16:56:55.671Z'
}
{
  message: 'Database Connected',
  level: 'info',
  service: 'user-service',
  label: 'right info!',
  timestamp: '2023-08-02T17:00:25.684Z'
}
{
  message: 'Example app listening on port 5000',
  level: 'info',
  service: 'user-service',
  label: 'right info!',
  timestamp: '2023-08-02T17:00:25.712Z'
}
{
  message: 'Database Connected',
  level: 'info',
  service: 'user-service',
  label: 'right info!',
  timestamp: '2023-08-02T17:01:55.313Z'
}
{
  message: 'Example app listening on port 5000',
  level: 'info',
  service: 'user-service',
  label: 'right info!',
  timestamp: '2023-08-02T17:01:55.334Z'
}
{
  message: 'Database Connected',
  level: 'info',
  service: 'user-service',
  label: 'right info!',
  timestamp: '2023-08-02T17:33:06.199Z'
}
{
  message: 'Example app listening on port 5000',
  level: 'info',
  service: 'user-service',
  label: 'right info!',
  timestamp: '2023-08-02T17:33:06.226Z'
}
{
  message: 'Database Connected',
  level: 'info',
  service: 'user-service',
  label: 'right info!',
  timestamp: '2023-08-02T17:38:02.455Z'
}
{
  message: 'Example app listening on port 5000',
  level: 'info',
  service: 'user-service',
  label: 'right info!',
  timestamp: '2023-08-02T17:38:02.494Z'
}
{
  message: 'Database Connected',
  level: 'info',
  service: 'user-service',
  label: 'right info!',
  timestamp: '2023-08-02T17:38:44.193Z'
}
{
  message: 'Example app listening on port 5000',
  level: 'info',
  service: 'user-service',
  label: 'right info!',
  timestamp: '2023-08-02T17:38:44.211Z'
}
{
  message: 'Database Connected',
  level: 'info',
  service: 'user-service',
  label: 'right info!',
  timestamp: '2023-08-02T17:39:43.274Z'
}
{
  message: 'Example app listening on port 5000',
  level: 'info',
  service: 'user-service',
  label: 'right info!',
  timestamp: '2023-08-02T17:39:43.308Z'
}
