{
  service: 'user-service',
  errno: undefined,
  code: 'ECONNREFUSED',
  syscall: 'querySrv',
  hostname: '_mongodb._tcp.cluster0.dtrty.mongodb.net',
  level: 'error',
  message: 'Failed to Connect DB querySrv ECONNREFUSED _mongodb._tcp.cluster0.dtrty.mongodb.net',
  stack: 'Error: querySrv ECONNREFUSED _mongodb._tcp.cluster0.dtrty.mongodb.net\n' +
    '    at QueryReqWrap.onresolve [as oncomplete] (node:internal/dns/promises:240:17)',
  label: 'Something Wrong!',
  timestamp: '2023-08-04T06:53:03.040Z'
}
{
  service: 'user-service',
  errno: undefined,
  code: 'ECONNREFUSED',
  syscall: 'querySrv',
  hostname: '_mongodb._tcp.cluster0.dtrty.mongodb.net',
  level: 'error',
  message: 'Failed to Connect DB querySrv ECONNREFUSED _mongodb._tcp.cluster0.dtrty.mongodb.net',
  stack: 'Error: querySrv ECONNREFUSED _mongodb._tcp.cluster0.dtrty.mongodb.net\n' +
    '    at QueryReqWrap.onresolve [as oncomplete] (node:internal/dns/promises:240:17)',
  label: 'Something Wrong!',
  timestamp: '2023-08-04T06:53:53.044Z'
}
